<?xml version="1.0"?>
<!DOCTYPE coverage SYSTEM "http://cobertura.sourceforge.net/xml/coverage-02.dtd">
<coverage line-rate="0.8332542694497154" branch-rate="0.8017174082747853" version="cvs" timestamp="1194314458656">
	<sources>
		<source>/home/code/vulcan/work/vulcan/vulcan-core/source/main/java</source>
		<source>--source</source>
	</sources>
	<packages>
		<package name="net.sourceforge.vulcan" line-rate="1.0" branch-rate="1.0" complexity="0.0">
			<classes>
				<class name="net.sourceforge.vulcan.BuildTool" filename="net/sourceforge/vulcan/BuildTool.java" line-rate="1.0" branch-rate="1.0" complexity="0.0">
					<methods>
					</methods>
					<lines>
					</lines>
				</class>
				<class name="net.sourceforge.vulcan.PluginManager" filename="net/sourceforge/vulcan/PluginManager.java" line-rate="1.0" branch-rate="1.0" complexity="0.0">
					<methods>
					</methods>
					<lines>
					</lines>
				</class>
				<class name="net.sourceforge.vulcan.ProjectBuildConfigurator" filename="net/sourceforge/vulcan/ProjectBuildConfigurator.java" line-rate="1.0" branch-rate="1.0" complexity="0.0">
					<methods>
					</methods>
					<lines>
					</lines>
				</class>
				<class name="net.sourceforge.vulcan.ProjectManager" filename="net/sourceforge/vulcan/ProjectManager.java" line-rate="1.0" branch-rate="1.0" complexity="0.0">
					<methods>
					</methods>
					<lines>
					</lines>
				</class>
				<class name="net.sourceforge.vulcan.ProjectRepositoryConfigurator" filename="net/sourceforge/vulcan/ProjectRepositoryConfigurator.java" line-rate="1.0" branch-rate="1.0" complexity="0.0">
					<methods>
					</methods>
					<lines>
					</lines>
				</class>
				<class name="net.sourceforge.vulcan.RepositoryAdaptor" filename="net/sourceforge/vulcan/RepositoryAdaptor.java" line-rate="1.0" branch-rate="1.0" complexity="0.0">
					<methods>
					</methods>
					<lines>
					</lines>
				</class>
				<class name="net.sourceforge.vulcan.StateManager" filename="net/sourceforge/vulcan/StateManager.java" line-rate="1.0" branch-rate="1.0" complexity="0.0">
					<methods>
					</methods>
					<lines>
					</lines>
				</class>
			</classes>
		</package>
		<package name="net.sourceforge.vulcan.core" line-rate="1.0" branch-rate="1.0" complexity="0.0">
			<classes>
				<class name="net.sourceforge.vulcan.core.BeanEncoder" filename="net/sourceforge/vulcan/core/BeanEncoder.java" line-rate="1.0" branch-rate="1.0" complexity="0.0">
					<methods>
					</methods>
					<lines>
					</lines>
				</class>
				<class name="net.sourceforge.vulcan.core.BeanEncoder$FactoryExpert" filename="net/sourceforge/vulcan/core/BeanEncoder.java" line-rate="1.0" branch-rate="1.0" complexity="0.0">
					<methods>
					</methods>
					<lines>
					</lines>
				</class>
				<class name="net.sourceforge.vulcan.core.BuildDetailCallback" filename="net/sourceforge/vulcan/core/BuildDetailCallback.java" line-rate="1.0" branch-rate="1.0" complexity="0.0">
					<methods>
					</methods>
					<lines>
					</lines>
				</class>
				<class name="net.sourceforge.vulcan.core.BuildManager" filename="net/sourceforge/vulcan/core/BuildManager.java" line-rate="1.0" branch-rate="1.0" complexity="0.0">
					<methods>
					</methods>
					<lines>
					</lines>
				</class>
				<class name="net.sourceforge.vulcan.core.BuildOutcomeStore" filename="net/sourceforge/vulcan/core/BuildOutcomeStore.java" line-rate="1.0" branch-rate="1.0" complexity="0.0">
					<methods>
					</methods>
					<lines>
					</lines>
				</class>
				<class name="net.sourceforge.vulcan.core.ConfigurationStore" filename="net/sourceforge/vulcan/core/ConfigurationStore.java" line-rate="1.0" branch-rate="1.0" complexity="0.0">
					<methods>
					</methods>
					<lines>
					</lines>
				</class>
				<class name="net.sourceforge.vulcan.core.DependencyBuildPolicy" filename="net/sourceforge/vulcan/core/DependencyBuildPolicy.java" line-rate="1.0" branch-rate="1.0" complexity="0.0">
					<methods>
						<method name="&lt;clinit&gt;" signature="()V" line-rate="1.0" branch-rate="1.0">
							<lines>
								<line number="23" hits="1" branch="false"/>
								<line number="25" hits="1" branch="false"/>
							</lines>
						</method>
						<method name="&lt;init&gt;" signature="(Ljava/lang/String;I)V" line-rate="1.0" branch-rate="1.0">
							<lines>
								<line number="24" hits="3" branch="false"/>
							</lines>
						</method>
						<method name="valueOf" signature="(Ljava/lang/String;)Lnet/sourceforge/vulcan/core/DependencyBuildPolicy;" line-rate="1.0" branch-rate="1.0">
							<lines>
							</lines>
						</method>
						<method name="values" signature="()[Lnet/sourceforge/vulcan/core/DependencyBuildPolicy;" line-rate="1.0" branch-rate="1.0">
							<lines>
							</lines>
						</method>
					</methods>
					<lines>
						<line number="23" hits="1" branch="false"/>
						<line number="24" hits="3" branch="false"/>
						<line number="25" hits="1" branch="false"/>
					</lines>
				</class>
				<class name="net.sourceforge.vulcan.core.DependencyException" filename="net/sourceforge/vulcan/core/DependencyException.java" line-rate="1.0" branch-rate="1.0" complexity="0.0">
					<methods>
						<method name="&lt;init&gt;" signature="()V" line-rate="1.0" branch-rate="1.0">
							<lines>
								<line number="27" hits="21" branch="false"/>
								<line number="28" hits="21" branch="false"/>
							</lines>
						</method>
					</methods>
					<lines>
						<line number="27" hits="21" branch="false"/>
						<line number="28" hits="21" branch="false"/>
					</lines>
				</class>
				<class name="net.sourceforge.vulcan.core.DependencyGroup" filename="net/sourceforge/vulcan/core/DependencyGroup.java" line-rate="1.0" branch-rate="1.0" complexity="0.0">
					<methods>
					</methods>
					<lines>
					</lines>
				</class>
				<class name="net.sourceforge.vulcan.core.NameCollisionResolutionMode" filename="net/sourceforge/vulcan/core/NameCollisionResolutionMode.java" line-rate="1.0" branch-rate="1.0" complexity="0.0">
					<methods>
						<method name="&lt;clinit&gt;" signature="()V" line-rate="1.0" branch-rate="1.0">
							<lines>
								<line number="23" hits="1" branch="false"/>
								<line number="25" hits="1" branch="false"/>
							</lines>
						</method>
						<method name="&lt;init&gt;" signature="(Ljava/lang/String;I)V" line-rate="1.0" branch-rate="1.0">
							<lines>
								<line number="24" hits="3" branch="false"/>
							</lines>
						</method>
						<method name="valueOf" signature="(Ljava/lang/String;)Lnet/sourceforge/vulcan/core/NameCollisionResolutionMode;" line-rate="1.0" branch-rate="1.0">
							<lines>
							</lines>
						</method>
						<method name="values" signature="()[Lnet/sourceforge/vulcan/core/NameCollisionResolutionMode;" line-rate="1.0" branch-rate="1.0">
							<lines>
							</lines>
						</method>
					</methods>
					<lines>
						<line number="23" hits="1" branch="false"/>
						<line number="24" hits="3" branch="false"/>
						<line number="25" hits="1" branch="false"/>
					</lines>
				</class>
				<class name="net.sourceforge.vulcan.core.ProjectBuilder" filename="net/sourceforge/vulcan/core/ProjectBuilder.java" line-rate="1.0" branch-rate="1.0" complexity="0.0">
					<methods>
					</methods>
					<lines>
					</lines>
				</class>
				<class name="net.sourceforge.vulcan.core.ProjectBuilder$BuildPhase" filename="net/sourceforge/vulcan/core/ProjectBuilder.java" line-rate="1.0" branch-rate="1.0" complexity="0.0">
					<methods>
						<method name="&lt;clinit&gt;" signature="()V" line-rate="1.0" branch-rate="1.0">
							<lines>
								<line number="27" hits="1" branch="false"/>
								<line number="28" hits="1" branch="false"/>
								<line number="29" hits="1" branch="false"/>
								<line number="30" hits="1" branch="false"/>
								<line number="31" hits="1" branch="false"/>
								<line number="32" hits="1" branch="false"/>
								<line number="33" hits="1" branch="false"/>
								<line number="34" hits="1" branch="false"/>
							</lines>
						</method>
						<method name="&lt;init&gt;" signature="(Ljava/lang/String;ILjava/lang/String;)V" line-rate="1.0" branch-rate="1.0">
							<lines>
								<line number="38" hits="7" branch="false"/>
								<line number="39" hits="7" branch="false"/>
								<line number="40" hits="7" branch="false"/>
							</lines>
						</method>
						<method name="getMessageKey" signature="()Ljava/lang/String;" line-rate="1.0" branch-rate="1.0">
							<lines>
								<line number="43" hits="1098" branch="false"/>
							</lines>
						</method>
						<method name="valueOf" signature="(Ljava/lang/String;)Lnet/sourceforge/vulcan/core/ProjectBuilder$BuildPhase;" line-rate="1.0" branch-rate="1.0">
							<lines>
							</lines>
						</method>
						<method name="values" signature="()[Lnet/sourceforge/vulcan/core/ProjectBuilder$BuildPhase;" line-rate="1.0" branch-rate="1.0">
							<lines>
							</lines>
						</method>
					</methods>
					<lines>
						<line number="27" hits="1" branch="false"/>
						<line number="28" hits="1" branch="false"/>
						<line number="29" hits="1" branch="false"/>
						<line number="30" hits="1" branch="false"/>
						<line number="31" hits="1" branch="false"/>
						<line number="32" hits="1" branch="false"/>
						<line number="33" hits="1" branch="false"/>
						<line number="34" hits="1" branch="false"/>
						<line number="38" hits="7" branch="false"/>
						<line number="39" hits="7" branch="false"/>
						<line number="40" hits="7" branch="false"/>
						<line number="43" hits="1098" branch="false"/>
					</lines>
				</class>
				<class name="net.sourceforge.vulcan.core.ProjectDomBuilder" filename="net/sourceforge/vulcan/core/ProjectDomBuilder.java" line-rate="1.0" branch-rate="1.0" complexity="0.0">
					<methods>
					</methods>
					<lines>
					</lines>
				</class>
				<class name="net.sourceforge.vulcan.core.ProjectImporter" filename="net/sourceforge/vulcan/core/ProjectImporter.java" line-rate="1.0" branch-rate="1.0" complexity="0.0">
					<methods>
					</methods>
					<lines>
					</lines>
				</class>
				<class name="net.sourceforge.vulcan.core.ProjectNameChangeListener" filename="net/sourceforge/vulcan/core/ProjectNameChangeListener.java" line-rate="1.0" branch-rate="1.0" complexity="0.0">
					<methods>
					</methods>
					<lines>
					</lines>
				</class>
				<class name="net.sourceforge.vulcan.core.WorkingCopyUpdateStrategy" filename="net/sourceforge/vulcan/core/WorkingCopyUpdateStrategy.java" line-rate="1.0" branch-rate="1.0" complexity="0.0">
					<methods>
						<method name="&lt;clinit&gt;" signature="()V" line-rate="1.0" branch-rate="1.0">
							<lines>
								<line number="23" hits="1" branch="false"/>
								<line number="25" hits="1" branch="false"/>
							</lines>
						</method>
						<method name="&lt;init&gt;" signature="(Ljava/lang/String;I)V" line-rate="1.0" branch-rate="1.0">
							<lines>
								<line number="24" hits="3" branch="false"/>
							</lines>
						</method>
						<method name="valueOf" signature="(Ljava/lang/String;)Lnet/sourceforge/vulcan/core/WorkingCopyUpdateStrategy;" line-rate="1.0" branch-rate="1.0">
							<lines>
							</lines>
						</method>
						<method name="values" signature="()[Lnet/sourceforge/vulcan/core/WorkingCopyUpdateStrategy;" line-rate="1.0" branch-rate="1.0">
							<lines>
							</lines>
						</method>
					</methods>
					<lines>
						<line number="23" hits="1" branch="false"/>
						<line number="24" hits="3" branch="false"/>
						<line number="25" hits="1" branch="false"/>
					</lines>
				</class>
			</classes>
		</package>
		<package name="net.sourceforge.vulcan.core.conversion" line-rate="0.0" branch-rate="0.0" complexity="0.0">
			<classes>
				<class name="net.sourceforge.vulcan.core.conversion.BuildOutcomeConverter" filename="net/sourceforge/vulcan/core/conversion/BuildOutcomeConverter.java" line-rate="0.0" branch-rate="0.0" complexity="0.0">
					<methods>
						<method name="&lt;init&gt;" signature="()V" line-rate="0.0" branch-rate="1.0">
							<lines>
								<line number="148" hits="0" branch="false"/>
							</lines>
						</method>
						<method name="access$000" signature="(Lnet/sourceforge/vulcan/core/conversion/BuildOutcomeConverter;)V" line-rate="1.0" branch-rate="1.0">
							<lines>
							</lines>
						</method>
						<method name="access$100" signature="(Lnet/sourceforge/vulcan/core/conversion/BuildOutcomeConverter;)Lnet/sourceforge/vulcan/spring/SpringFileStore;" line-rate="1.0" branch-rate="1.0">
							<lines>
							</lines>
						</method>
						<method name="access$200" signature="(Lnet/sourceforge/vulcan/core/conversion/BuildOutcomeConverter;)Lnet/sourceforge/vulcan/core/BuildOutcomeStore;" line-rate="0.0" branch-rate="1.0">
							<lines>
								<line number="49" hits="0" branch="false"/>
							</lines>
						</method>
						<method name="convertOldBuildOutcomes" signature="()V" line-rate="0.0" branch-rate="0.0">
							<lines>
								<line number="58" hits="0" branch="false"/>
								<line number="60" hits="0" branch="true"/>
								<line number="61" hits="0" branch="false"/>
								<line number="62" hits="0" branch="false"/>
								<line number="65" hits="0" branch="false"/>
								<line number="66" hits="0" branch="false"/>
								<line number="68" hits="0" branch="true"/>
								<line number="69" hits="0" branch="false"/>
								<line number="70" hits="0" branch="false"/>
								<line number="72" hits="0" branch="false"/>
								<line number="73" hits="0" branch="true"/>
								<line number="74" hits="0" branch="false"/>
								<line number="76" hits="0" branch="false"/>
								<line number="78" hits="0" branch="false"/>
								<line number="84" hits="0" branch="false"/>
								<line number="86" hits="0" branch="false"/>
								<line number="87" hits="0" branch="false"/>
							</lines>
						</method>
						<method name="getBuildOutcomeStore" signature="()Lnet/sourceforge/vulcan/core/BuildOutcomeStore;" line-rate="0.0" branch-rate="1.0">
							<lines>
								<line number="117" hits="0" branch="false"/>
							</lines>
						</method>
						<method name="getConvertedCount" signature="()I" line-rate="0.0" branch-rate="0.0">
							<lines>
								<line number="94" hits="0" branch="true"/>
								<line number="95" hits="0" branch="false"/>
								<line number="97" hits="0" branch="false"/>
							</lines>
						</method>
						<method name="getEventHandler" signature="()Lnet/sourceforge/vulcan/event/EventHandler;" line-rate="0.0" branch-rate="1.0">
							<lines>
								<line number="133" hits="0" branch="false"/>
							</lines>
						</method>
						<method name="getFileStore" signature="()Lnet/sourceforge/vulcan/spring/SpringFileStore;" line-rate="0.0" branch-rate="1.0">
							<lines>
								<line number="109" hits="0" branch="false"/>
							</lines>
						</method>
						<method name="getStateManager" signature="()Lnet/sourceforge/vulcan/StateManager;" line-rate="0.0" branch-rate="1.0">
							<lines>
								<line number="125" hits="0" branch="false"/>
							</lines>
						</method>
						<method name="getTotalCount" signature="()I" line-rate="0.0" branch-rate="0.0">
							<lines>
								<line number="101" hits="0" branch="true"/>
								<line number="102" hits="0" branch="false"/>
								<line number="105" hits="0" branch="false"/>
							</lines>
						</method>
						<method name="isRunning" signature="()Z" line-rate="0.0" branch-rate="0.0">
							<lines>
								<line number="90" hits="0" branch="true"/>
							</lines>
						</method>
						<method name="setBuildOutcomeStore" signature="(Lnet/sourceforge/vulcan/core/BuildOutcomeStore;)V" line-rate="0.0" branch-rate="1.0">
							<lines>
								<line number="121" hits="0" branch="false"/>
								<line number="122" hits="0" branch="false"/>
							</lines>
						</method>
						<method name="setEventHandler" signature="(Lnet/sourceforge/vulcan/event/EventHandler;)V" line-rate="0.0" branch-rate="1.0">
							<lines>
								<line number="137" hits="0" branch="false"/>
								<line number="138" hits="0" branch="false"/>
							</lines>
						</method>
						<method name="setFileStore" signature="(Lnet/sourceforge/vulcan/spring/SpringFileStore;)V" line-rate="0.0" branch-rate="1.0">
							<lines>
								<line number="113" hits="0" branch="false"/>
								<line number="114" hits="0" branch="false"/>
							</lines>
						</method>
						<method name="setStateManager" signature="(Lnet/sourceforge/vulcan/StateManager;)V" line-rate="0.0" branch-rate="1.0">
							<lines>
								<line number="129" hits="0" branch="false"/>
								<line number="130" hits="0" branch="false"/>
							</lines>
						</method>
						<method name="startStateManager" signature="()V" line-rate="0.0" branch-rate="1.0">
							<lines>
								<line number="142" hits="0" branch="false"/>
								<line number="143" hits="0" branch="false"/>
								<line number="144" hits="0" branch="false"/>
								<line number="145" hits="0" branch="false"/>
								<line number="146" hits="0" branch="false"/>
							</lines>
						</method>
					</methods>
					<lines>
						<line number="49" hits="0" branch="false"/>
						<line number="58" hits="0" branch="false"/>
						<line number="60" hits="0" branch="true"/>
						<line number="61" hits="0" branch="false"/>
						<line number="62" hits="0" branch="false"/>
						<line number="65" hits="0" branch="false"/>
						<line number="66" hits="0" branch="false"/>
						<line number="68" hits="0" branch="true"/>
						<line number="69" hits="0" branch="false"/>
						<line number="70" hits="0" branch="false"/>
						<line number="72" hits="0" branch="false"/>
						<line number="73" hits="0" branch="true"/>
						<line number="74" hits="0" branch="false"/>
						<line number="76" hits="0" branch="false"/>
						<line number="78" hits="0" branch="false"/>
						<line number="84" hits="0" branch="false"/>
						<line number="86" hits="0" branch="false"/>
						<line number="87" hits="0" branch="false"/>
						<line number="90" hits="0" branch="true"/>
						<line number="94" hits="0" branch="true"/>
						<line number="95" hits="0" branch="false"/>
						<line number="97" hits="0" branch="false"/>
						<line number="101" hits="0" branch="true"/>
						<line number="102" hits="0" branch="false"/>
						<line number="105" hits="0" branch="false"/>
						<line number="109" hits="0" branch="false"/>
						<line number="113" hits="0" branch="false"/>
						<line number="114" hits="0" branch="false"/>
						<line number="117" hits="0" branch="false"/>
						<line number="121" hits="0" branch="false"/>
						<line number="122" hits="0" branch="false"/>
						<line number="125" hits="0" branch="false"/>
						<line number="129" hits="0" branch="false"/>
						<line number="130" hits="0" branch="false"/>
						<line number="133" hits="0" branch="false"/>
						<line number="137" hits="0" branch="false"/>
						<line number="138" hits="0" branch="false"/>
						<line number="142" hits="0" branch="false"/>
						<line number="143" hits="0" branch="false"/>
						<line number="144" hits="0" branch="false"/>
						<line number="145" hits="0" branch="false"/>
						<line number="146" hits="0" branch="false"/>
						<line number="148" hits="0" branch="false"/>
					</lines>
				</class>
				<class name="net.sourceforge.vulcan.core.conversion.BuildOutcomeConverter$1" filename="net/sourceforge/vulcan/core/conversion/BuildOutcomeConverter.java" line-rate="0.0" branch-rate="1.0" complexity="0.0">
					<methods>
						<method name="&lt;init&gt;" signature="(Lnet/sourceforge/vulcan/core/conversion/BuildOutcomeConverter;)V" line-rate="1.0" branch-rate="1.0">
							<lines>
							</lines>
						</method>
						<method name="compare" signature="(Ljava/lang/Object;Ljava/lang/Object;)I" line-rate="0.0" branch-rate="1.0">
							<lines>
								<line number="78" hits="0" branch="false"/>
							</lines>
						</method>
						<method name="compare" signature="(Ljava/util/UUID;Ljava/util/UUID;)I" line-rate="0.0" branch-rate="1.0">
							<lines>
								<line number="80" hits="0" branch="false"/>
							</lines>
						</method>
					</methods>
					<lines>
						<line number="78" hits="0" branch="false"/>
						<line number="80" hits="0" branch="false"/>
					</lines>
				</class>
				<class name="net.sourceforge.vulcan.core.conversion.BuildOutcomeConverter$Converter" filename="net/sourceforge/vulcan/core/conversion/BuildOutcomeConverter.java" line-rate="0.0" branch-rate="0.0" complexity="0.0">
					<methods>
						<method name="&lt;init&gt;" signature="(Lnet/sourceforge/vulcan/core/conversion/BuildOutcomeConverter;Ljava/util/List;Ljava/util/Map;)V" line-rate="0.0" branch-rate="1.0">
							<lines>
								<line number="149" hits="0" branch="false"/>
								<line number="152" hits="0" branch="false"/>
								<line number="153" hits="0" branch="false"/>
								<line number="155" hits="0" branch="false"/>
								<line number="156" hits="0" branch="false"/>
								<line number="157" hits="0" branch="false"/>
								<line number="158" hits="0" branch="false"/>
							</lines>
						</method>
						<method name="convert" signature="(Ljava/util/UUID;)V" line-rate="0.0" branch-rate="0.0">
							<lines>
								<line number="184" hits="0" branch="false"/>
								<line number="186" hits="0" branch="false"/>
								<line number="190" hits="0" branch="true"/>
								<line number="191" hits="0" branch="false"/>
								<line number="193" hits="0" branch="false"/>
								<line number="196" hits="0" branch="false"/>
								<line number="198" hits="0" branch="false"/>
								<line number="200" hits="0" branch="false"/>
								<line number="202" hits="0" branch="false"/>
								<line number="204" hits="0" branch="false"/>
								<line number="206" hits="0" branch="false"/>
								<line number="207" hits="0" branch="false"/>
								<line number="208" hits="0" branch="false"/>
								<line number="209" hits="0" branch="false"/>
								<line number="210" hits="0" branch="false"/>
								<line number="211" hits="0" branch="false"/>
							</lines>
						</method>
						<method name="fixProblems" signature="(Lnet/sourceforge/vulcan/dto/ProjectStatusDto;)V" line-rate="0.0" branch-rate="0.0">
							<lines>
								<line number="214" hits="0" branch="true"/>
								<line number="216" hits="0" branch="false"/>
								<line number="219" hits="0" branch="true"/>
								<line number="220" hits="0" branch="true"/>
								<line number="221" hits="0" branch="false"/>
								<line number="222" hits="0" branch="false"/>
								<line number="224" hits="0" branch="false"/>
								<line number="225" hits="0" branch="false"/>
								<line number="229" hits="0" branch="false"/>
								<line number="231" hits="0" branch="true"/>
								<line number="232" hits="0" branch="false"/>
								<line number="233" hits="0" branch="false"/>
								<line number="234" hits="0" branch="false"/>
								<line number="235" hits="0" branch="true"/>
								<line number="236" hits="0" branch="false"/>
								<line number="237" hits="0" branch="false"/>
								<line number="239" hits="0" branch="false"/>
								<line number="240" hits="0" branch="false"/>
							</lines>
						</method>
						<method name="getConvertedCount" signature="()I" line-rate="0.0" branch-rate="1.0">
							<lines>
								<line number="176" hits="0" branch="false"/>
							</lines>
						</method>
						<method name="getTotalCount" signature="()I" line-rate="0.0" branch-rate="1.0">
							<lines>
								<line number="180" hits="0" branch="false"/>
							</lines>
						</method>
						<method name="isRunning" signature="()Z" line-rate="0.0" branch-rate="1.0">
							<lines>
								<line number="172" hits="0" branch="false"/>
							</lines>
						</method>
						<method name="run" signature="()V" line-rate="0.0" branch-rate="0.0">
							<lines>
								<line number="162" hits="0" branch="false"/>
								<line number="163" hits="0" branch="true"/>
								<line number="164" hits="0" branch="false"/>
								<line number="165" hits="0" branch="false"/>
								<line number="168" hits="0" branch="false"/>
								<line number="169" hits="0" branch="false"/>
							</lines>
						</method>
					</methods>
					<lines>
						<line number="149" hits="0" branch="false"/>
						<line number="152" hits="0" branch="false"/>
						<line number="153" hits="0" branch="false"/>
						<line number="155" hits="0" branch="false"/>
						<line number="156" hits="0" branch="false"/>
						<line number="157" hits="0" branch="false"/>
						<line number="158" hits="0" branch="false"/>
						<line number="162" hits="0" branch="false"/>
						<line number="163" hits="0" branch="true"/>
						<line number="164" hits="0" branch="false"/>
						<line number="165" hits="0" branch="false"/>
						<line number="168" hits="0" branch="false"/>
						<line number="169" hits="0" branch="false"/>
						<line number="172" hits="0" branch="false"/>
						<line number="176" hits="0" branch="false"/>
						<line number="180" hits="0" branch="false"/>
						<line number="184" hits="0" branch="false"/>
						<line number="186" hits="0" branch="false"/>
						<line number="190" hits="0" branch="true"/>
						<line number="191" hits="0" branch="false"/>
						<line number="193" hits="0" branch="false"/>
						<line number="196" hits="0" branch="false"/>
						<line number="198" hits="0" branch="false"/>
						<line number="200" hits="0" branch="false"/>
						<line number="202" hits="0" branch="false"/>
						<line number="204" hits="0" branch="false"/>
						<line number="206" hits="0" branch="false"/>
						<line number="207" hits="0" branch="false"/>
						<line number="208" hits="0" branch="false"/>
						<line number="209" hits="0" branch="false"/>
						<line number="210" hits="0" branch="false"/>
						<line number="211" hits="0" branch="false"/>
						<line number="214" hits="0" branch="true"/>
						<line number="216" hits="0" branch="false"/>
						<line number="219" hits="0" branch="true"/>
						<line number="220" hits="0" branch="true"/>
						<line number="221" hits="0" branch="false"/>
						<line number="222" hits="0" branch="false"/>
						<line number="224" hits="0" branch="false"/>
						<line number="225" hits="0" branch="false"/>
						<line number="229" hits="0" branch="false"/>
						<line number="231" hits="0" branch="true"/>
						<line number="232" hits="0" branch="false"/>
						<line number="233" hits="0" branch="false"/>
						<line number="234" hits="0" branch="false"/>
						<line number="235" hits="0" branch="true"/>
						<line number="236" hits="0" branch="false"/>
						<line number="237" hits="0" branch="false"/>
						<line number="239" hits="0" branch="false"/>
						<line number="240" hits="0" branch="false"/>
					</lines>
				</class>
			</classes>
		</package>
		<package name="net.sourceforge.vulcan.core.support" line-rate="0.8980099502487562" branch-rate="0.852752880921895" complexity="0.0">
			<classes>
				<class name="net.sourceforge.vulcan.core.support.AbstractFileStore" filename="net/sourceforge/vulcan/core/support/AbstractFileStore.java" line-rate="0.8321678321678322" branch-rate="0.7777777777777778" complexity="0.0">
					<methods>
						<method name="&lt;init&gt;" signature="()V" line-rate="1.0" branch-rate="1.0">
							<lines>
								<line number="58" hits="39" branch="false"/>
							</lines>
						</method>
						<method name="checkPluginVersion" signature="(Ljava/io/File;Ljava/lang/String;)V" line-rate="0.8421052631578947" branch-rate="0.7">
							<lines>
								<line number="271" hits="9" branch="false"/>
								<line number="272" hits="9" branch="false"/>
								<line number="274" hits="9" branch="false"/>
								<line number="275" hits="9" branch="false"/>
								<line number="277" hits="9" branch="true"/>
								<line number="278" hits="7" branch="true"/>
								<line number="279" hits="0" branch="false"/>
								<line number="282" hits="7" branch="false"/>
								<line number="285" hits="2" branch="true"/>
								<line number="286" hits="0" branch="false"/>
								<line number="289" hits="2" branch="false"/>
								<line number="290" hits="2" branch="false"/>
								<line number="292" hits="2" branch="true"/>
								<line number="293" hits="1" branch="false"/>
								<line number="296" hits="1" branch="false"/>
								<line number="297" hits="1" branch="true"/>
								<line number="298" hits="0" branch="false"/>
								<line number="301" hits="1" branch="false"/>
								<line number="302" hits="1" branch="false"/>
							</lines>
						</method>
						<method name="createDir" signature="(Ljava/io/File;)V" line-rate="0.6666666666666666" branch-rate="0.5">
							<lines>
								<line number="313" hits="11" branch="true"/>
								<line number="314" hits="0" branch="false"/>
								<line number="316" hits="11" branch="false"/>
							</lines>
						</method>
						<method name="createPluginConfig" signature="(Ljava/io/File;)Lnet/sourceforge/vulcan/dto/PluginMetaDataDto;" line-rate="0.9333333333333333" branch-rate="0.5">
							<lines>
								<line number="243" hits="10" branch="false"/>
								<line number="244" hits="10" branch="false"/>
								<line number="245" hits="10" branch="false"/>
								<line number="246" hits="10" branch="false"/>
								<line number="248" hits="10" branch="false"/>
								<line number="250" hits="10" branch="true"/>
								<line number="251" hits="0" branch="false"/>
								<line number="254" hits="10" branch="false"/>
								<line number="258" hits="10" branch="false"/>
								<line number="260" hits="10" branch="false"/>
								<line number="261" hits="10" branch="false"/>
								<line number="263" hits="10" branch="false"/>
								<line number="265" hits="10" branch="false"/>
								<line number="266" hits="10" branch="false"/>
								<line number="268" hits="10" branch="false"/>
							</lines>
						</method>
						<method name="deletePlugin" signature="(Ljava/lang/String;)V" line-rate="0.9166666666666666" branch-rate="1.0">
							<lines>
								<line number="143" hits="3" branch="false"/>
								<line number="145" hits="3" branch="true"/>
								<line number="146" hits="1" branch="false"/>
								<line number="148" hits="2" branch="false"/>
								<line number="149" hits="1" branch="false"/>
								<line number="151" hits="1" branch="false"/>
								<line number="152" hits="1" branch="false"/>
								<line number="153" hits="1" branch="false"/>
								<line number="156" hits="0" branch="false"/>
								<line number="157" hits="1" branch="false"/>
								<line number="158" hits="2" branch="false"/>
								<line number="159" hits="2" branch="false"/>
							</lines>
						</method>
						<method name="extractPlugin" signature="(Ljava/io/InputStream;)Lnet/sourceforge/vulcan/dto/PluginMetaDataDto;" line-rate="0.8837209302325582" branch-rate="0.85">
							<lines>
								<line number="73" hits="14" branch="false"/>
								<line number="74" hits="14" branch="false"/>
								<line number="75" hits="14" branch="false"/>
								<line number="77" hits="14" branch="true"/>
								<line number="78" hits="0" branch="false"/>
								<line number="81" hits="14" branch="false"/>
								<line number="85" hits="14" branch="false"/>
								<line number="86" hits="13" branch="true"/>
								<line number="87" hits="2" branch="false"/>
								<line number="89" hits="11" branch="false"/>
								<line number="90" hits="11" branch="false"/>
								<line number="91" hits="11" branch="true"/>
								<line number="92" hits="11" branch="false"/>
								<line number="95" hits="11" branch="false"/>
								<line number="97" hits="30" branch="true"/>
								<line number="98" hits="21" branch="true"/>
								<line number="99" hits="2" branch="false"/>
								<line number="102" hits="19" branch="false"/>
								<line number="104" hits="19" branch="true"/>
								<line number="105" hits="0" branch="false"/>
								<line number="106" hits="0" branch="false"/>
								<line number="108" hits="19" branch="false"/>
								<line number="111" hits="19" branch="false"/>
								<line number="113" hits="19" branch="false"/>
								<line number="114" hits="19" branch="false"/>
								<line number="115" hits="19" branch="false"/>
								<line number="117" hits="19" branch="false"/>
								<line number="119" hits="9" branch="false"/>
								<line number="121" hits="8" branch="false"/>
								<line number="122" hits="1" branch="false"/>
								<line number="123" hits="1" branch="false"/>
								<line number="124" hits="5" branch="false"/>
								<line number="125" hits="5" branch="true"/>
								<line number="126" hits="4" branch="false"/>
								<line number="128" hits="1" branch="false"/>
								<line number="130" hits="6" branch="false"/>
								<line number="131" hits="14" branch="false"/>
								<line number="132" hits="0" branch="false"/>
								<line number="133" hits="14" branch="false"/>
								<line number="134" hits="14" branch="true"/>
								<line number="136" hits="3" branch="false"/>
								<line number="137" hits="0" branch="false"/>
								<line number="138" hits="17" branch="false"/>
							</lines>
						</method>
						<method name="getConfigFile" signature="()Ljava/io/File;" line-rate="1.0" branch-rate="1.0">
							<lines>
								<line number="213" hits="5" branch="false"/>
							</lines>
						</method>
						<method name="getConfigRoot" signature="()Ljava/lang/String;" line-rate="1.0" branch-rate="1.0">
							<lines>
								<line number="191" hits="120" branch="false"/>
							</lines>
						</method>
						<method name="getEventHandler" signature="()Lnet/sourceforge/vulcan/event/EventHandler;" line-rate="0.0" branch-rate="1.0">
							<lines>
								<line number="222" hits="0" branch="false"/>
							</lines>
						</method>
						<method name="getJars" signature="(Ljava/io/File;)[Ljava/net/URL;" line-rate="0.75" branch-rate="1.0">
							<lines>
								<line number="229" hits="10" branch="false"/>
								<line number="231" hits="10" branch="false"/>
								<line number="233" hits="10" branch="true"/>
								<line number="235" hits="9" branch="false"/>
								<line number="236" hits="0" branch="false"/>
								<line number="237" hits="0" branch="false"/>
								<line number="238" hits="9" branch="false"/>
								<line number="240" hits="10" branch="false"/>
							</lines>
						</method>
						<method name="getPluginConfigs" signature="()[Lnet/sourceforge/vulcan/dto/PluginMetaDataDto;" line-rate="0.6666666666666666" branch-rate="0.8333333333333334">
							<lines>
								<line number="161" hits="3" branch="false"/>
								<line number="162" hits="3" branch="false"/>
								<line number="164" hits="3" branch="true"/>
								<line number="165" hits="5" branch="true"/>
								<line number="166" hits="2" branch="true"/>
								<line number="168" hits="1" branch="false"/>
								<line number="169" hits="0" branch="false"/>
								<line number="170" hits="0" branch="false"/>
								<line number="173" hits="1" branch="false"/>
								<line number="174" hits="0" branch="false"/>
								<line number="177" hits="1" branch="false"/>
								<line number="178" hits="0" branch="false"/>
								<line number="179" hits="0" branch="false"/>
								<line number="182" hits="1" branch="false"/>
								<line number="185" hits="3" branch="false"/>
							</lines>
						</method>
						<method name="getPluginsRoot" signature="()Ljava/io/File;" line-rate="1.0" branch-rate="1.0">
							<lines>
								<line number="216" hits="21" branch="false"/>
							</lines>
						</method>
						<method name="getProjectsRoot" signature="()Ljava/io/File;" line-rate="1.0" branch-rate="1.0">
							<lines>
								<line number="219" hits="16" branch="false"/>
							</lines>
						</method>
						<method name="getWorkingCopyLocationPattern" signature="()Ljava/lang/String;" line-rate="0.0" branch-rate="0.0">
							<lines>
								<line number="194" hits="0" branch="true"/>
								<line number="195" hits="0" branch="false"/>
								<line number="198" hits="0" branch="false"/>
							</lines>
						</method>
						<method name="init" signature="()V" line-rate="1.0" branch-rate="0.5">
							<lines>
								<line number="64" hits="1" branch="true"/>
								<line number="65" hits="1" branch="false"/>
								<line number="67" hits="1" branch="false"/>
								<line number="68" hits="1" branch="false"/>
								<line number="70" hits="1" branch="false"/>
								<line number="71" hits="1" branch="false"/>
							</lines>
						</method>
						<method name="isWorkingCopyLocationInvalid" signature="(Ljava/lang/String;)Z" line-rate="1.0" branch-rate="1.0">
							<lines>
								<line number="204" hits="6" branch="false"/>
								<line number="206" hits="6" branch="true"/>
								<line number="208" hits="3" branch="false"/>
								<line number="210" hits="3" branch="false"/>
							</lines>
						</method>
						<method name="parsePluginVersion" signature="(Ljava/io/File;)Lnet/sourceforge/vulcan/integration/PluginVersionSpec;" line-rate="1.0" branch-rate="1.0">
							<lines>
								<line number="304" hits="4" branch="false"/>
								<line number="307" hits="4" branch="false"/>
								<line number="309" hits="4" branch="false"/>
							</lines>
						</method>
						<method name="setConfigRoot" signature="(Ljava/lang/String;)V" line-rate="1.0" branch-rate="1.0">
							<lines>
								<line number="188" hits="35" branch="false"/>
								<line number="189" hits="35" branch="false"/>
							</lines>
						</method>
						<method name="setEventHandler" signature="(Lnet/sourceforge/vulcan/event/EventHandler;)V" line-rate="1.0" branch-rate="1.0">
							<lines>
								<line number="225" hits="27" branch="false"/>
								<line number="226" hits="27" branch="false"/>
							</lines>
						</method>
						<method name="setWorkingCopyLocationPattern" signature="(Ljava/lang/String;)V" line-rate="0.0" branch-rate="1.0">
							<lines>
								<line number="201" hits="0" branch="false"/>
								<line number="202" hits="0" branch="false"/>
							</lines>
						</method>
					</methods>
					<lines>
						<line number="58" hits="39" branch="false"/>
						<line number="64" hits="1" branch="true"/>
						<line number="65" hits="1" branch="false"/>
						<line number="67" hits="1" branch="false"/>
						<line number="68" hits="1" branch="false"/>
						<line number="70" hits="1" branch="false"/>
						<line number="71" hits="1" branch="false"/>
						<line number="73" hits="14" branch="false"/>
						<line number="74" hits="14" branch="false"/>
						<line number="75" hits="14" branch="false"/>
						<line number="77" hits="14" branch="true"/>
						<line number="78" hits="0" branch="false"/>
						<line number="81" hits="14" branch="false"/>
						<line number="85" hits="14" branch="false"/>
						<line number="86" hits="13" branch="true"/>
						<line number="87" hits="2" branch="false"/>
						<line number="89" hits="11" branch="false"/>
						<line number="90" hits="11" branch="false"/>
						<line number="91" hits="11" branch="true"/>
						<line number="92" hits="11" branch="false"/>
						<line number="95" hits="11" branch="false"/>
						<line number="97" hits="30" branch="true"/>
						<line number="98" hits="21" branch="true"/>
						<line number="99" hits="2" branch="false"/>
						<line number="102" hits="19" branch="false"/>
						<line number="104" hits="19" branch="true"/>
						<line number="105" hits="0" branch="false"/>
						<line number="106" hits="0" branch="false"/>
						<line number="108" hits="19" branch="false"/>
						<line number="111" hits="19" branch="false"/>
						<line number="113" hits="19" branch="false"/>
						<line number="114" hits="19" branch="false"/>
						<line number="115" hits="19" branch="false"/>
						<line number="117" hits="19" branch="false"/>
						<line number="119" hits="9" branch="false"/>
						<line number="121" hits="8" branch="false"/>
						<line number="122" hits="1" branch="false"/>
						<line number="123" hits="1" branch="false"/>
						<line number="124" hits="5" branch="false"/>
						<line number="125" hits="5" branch="true"/>
						<line number="126" hits="4" branch="false"/>
						<line number="128" hits="1" branch="false"/>
						<line number="130" hits="6" branch="false"/>
						<line number="131" hits="14" branch="false"/>
						<line number="132" hits="0" branch="false"/>
						<line number="133" hits="14" branch="false"/>
						<line number="134" hits="14" branch="true"/>
						<line number="136" hits="3" branch="false"/>
						<line number="137" hits="0" branch="false"/>
						<line number="138" hits="17" branch="false"/>
						<line number="143" hits="3" branch="false"/>
						<line number="145" hits="3" branch="true"/>
						<line number="146" hits="1" branch="false"/>
						<line number="148" hits="2" branch="false"/>
						<line number="149" hits="1" branch="false"/>
						<line number="151" hits="1" branch="false"/>
						<line number="152" hits="1" branch="false"/>
						<line number="153" hits="1" branch="false"/>
						<line number="156" hits="0" branch="false"/>
						<line number="157" hits="1" branch="false"/>
						<line number="158" hits="2" branch="false"/>
						<line number="159" hits="2" branch="false"/>
						<line number="161" hits="3" branch="false"/>
						<line number="162" hits="3" branch="false"/>
						<line number="164" hits="3" branch="true"/>
						<line number="165" hits="5" branch="true"/>
						<line number="166" hits="2" branch="true"/>
						<line number="168" hits="1" branch="false"/>
						<line number="169" hits="0" branch="false"/>
						<line number="170" hits="0" branch="false"/>
						<line number="173" hits="1" branch="false"/>
						<line number="174" hits="0" branch="false"/>
						<line number="177" hits="1" branch="false"/>
						<line number="178" hits="0" branch="false"/>
						<line number="179" hits="0" branch="false"/>
						<line number="182" hits="1" branch="false"/>
						<line number="185" hits="3" branch="false"/>
						<line number="188" hits="35" branch="false"/>
						<line number="189" hits="35" branch="false"/>
						<line number="191" hits="120" branch="false"/>
						<line number="194" hits="0" branch="true"/>
						<line number="195" hits="0" branch="false"/>
						<line number="198" hits="0" branch="false"/>
						<line number="201" hits="0" branch="false"/>
						<line number="202" hits="0" branch="false"/>
						<line number="204" hits="6" branch="false"/>
						<line number="206" hits="6" branch="true"/>
						<line number="208" hits="3" branch="false"/>
						<line number="210" hits="3" branch="false"/>
						<line number="213" hits="5" branch="false"/>
						<line number="216" hits="21" branch="false"/>
						<line number="219" hits="16" branch="false"/>
						<line number="222" hits="0" branch="false"/>
						<line number="225" hits="27" branch="false"/>
						<line number="226" hits="27" branch="false"/>
						<line number="229" hits="10" branch="false"/>
						<line number="231" hits="10" branch="false"/>
						<line number="233" hits="10" branch="true"/>
						<line number="235" hits="9" branch="false"/>
						<line number="236" hits="0" branch="false"/>
						<line number="237" hits="0" branch="false"/>
						<line number="238" hits="9" branch="false"/>
						<line number="240" hits="10" branch="false"/>
						<line number="243" hits="10" branch="false"/>
						<line number="244" hits="10" branch="false"/>
						<line number="245" hits="10" branch="false"/>
						<line number="246" hits="10" branch="false"/>
						<line number="248" hits="10" branch="false"/>
						<line number="250" hits="10" branch="true"/>
						<line number="251" hits="0" branch="false"/>
						<line number="254" hits="10" branch="false"/>
						<line number="258" hits="10" branch="false"/>
						<line number="260" hits="10" branch="false"/>
						<line number="261" hits="10" branch="false"/>
						<line number="263" hits="10" branch="false"/>
						<line number="265" hits="10" branch="false"/>
						<line number="266" hits="10" branch="false"/>
						<line number="268" hits="10" branch="false"/>
						<line number="271" hits="9" branch="false"/>
						<line number="272" hits="9" branch="false"/>
						<line number="274" hits="9" branch="false"/>
						<line number="275" hits="9" branch="false"/>
						<line number="277" hits="9" branch="true"/>
						<line number="278" hits="7" branch="true"/>
						<line number="279" hits="0" branch="false"/>
						<line number="282" hits="7" branch="false"/>
						<line number="285" hits="2" branch="true"/>
						<line number="286" hits="0" branch="false"/>
						<line number="289" hits="2" branch="false"/>
						<line number="290" hits="2" branch="false"/>
						<line number="292" hits="2" branch="true"/>
						<line number="293" hits="1" branch="false"/>
						<line number="296" hits="1" branch="false"/>
						<line number="297" hits="1" branch="true"/>
						<line number="298" hits="0" branch="false"/>
						<line number="301" hits="1" branch="false"/>
						<line number="302" hits="1" branch="false"/>
						<line number="304" hits="4" branch="false"/>
						<line number="307" hits="4" branch="false"/>
						<line number="309" hits="4" branch="false"/>
						<line number="313" hits="11" branch="true"/>
						<line number="314" hits="0" branch="false"/>
						<line number="316" hits="11" branch="false"/>
					</lines>
				</class>
				<class name="net.sourceforge.vulcan.core.support.AbstractProjectDomBuilder" filename="net/sourceforge/vulcan/core/support/AbstractProjectDomBuilder.java" line-rate="0.9763779527559056" branch-rate="0.8947368421052632" complexity="0.0">
					<methods>
						<method name="&lt;init&gt;" signature="()V" line-rate="1.0" branch-rate="1.0">
							<lines>
								<line number="75" hits="70" branch="false"/>
								<line number="79" hits="70" branch="false"/>
								<line number="523" hits="70" branch="false"/>
							</lines>
						</method>
						<method name="addBasicContents" signature="(Lorg/jdom/Element;Lnet/sourceforge/vulcan/dto/ProjectStatusDto;Ljava/util/Locale;Ljava/text/DateFormat;)V" line-rate="1.0" branch-rate="0.9090909090909091">
							<lines>
								<line number="390" hits="25" branch="false"/>
								<line number="392" hits="25" branch="false"/>
								<line number="393" hits="25" branch="true"/>
								<line number="394" hits="25" branch="false"/>
								<line number="397" hits="25" branch="false"/>
								<line number="399" hits="25" branch="false"/>
								<line number="400" hits="25" branch="true"/>
								<line number="401" hits="24" branch="false"/>
								<line number="404" hits="25" branch="false"/>
								<line number="406" hits="25" branch="false"/>
								<line number="407" hits="25" branch="true"/>
								<line number="408" hits="23" branch="false"/>
								<line number="409" hits="23" branch="false"/>
								<line number="412" hits="25" branch="false"/>
								<line number="413" hits="25" branch="true"/>
								<line number="414" hits="24" branch="false"/>
								<line number="420" hits="25" branch="false"/>
								<line number="421" hits="25" branch="true"/>
								<line number="422" hits="23" branch="false"/>
								<line number="423" hits="23" branch="false"/>
								<line number="426" hits="25" branch="false"/>
								<line number="427" hits="25" branch="true"/>
								<line number="428" hits="25" branch="false"/>
								<line number="431" hits="25" branch="false"/>
								<line number="432" hits="25" branch="true"/>
								<line number="433" hits="2" branch="true"/>
								<line number="434" hits="1" branch="false"/>
								<line number="436" hits="1" branch="false"/>
								<line number="440" hits="25" branch="false"/>
								<line number="441" hits="25" branch="true"/>
								<line number="442" hits="1" branch="false"/>
								<line number="446" hits="25" branch="true"/>
								<line number="447" hits="24" branch="false"/>
								<line number="450" hits="25" branch="true"/>
								<line number="451" hits="24" branch="false"/>
								<line number="453" hits="25" branch="false"/>
							</lines>
						</method>
						<method name="addBuildMessages" signature="(Lorg/jdom/Element;Ljava/lang/String;Ljava/util/List;)V" line-rate="1.0" branch-rate="0.9166666666666666">
							<lines>
								<line number="208" hits="44" branch="true"/>
								<line number="209" hits="2" branch="false"/>
								<line number="210" hits="2" branch="false"/>
								<line number="212" hits="2" branch="true"/>
								<line number="213" hits="2" branch="false"/>
								<line number="215" hits="2" branch="false"/>
								<line number="216" hits="2" branch="false"/>
								<line number="217" hits="2" branch="true"/>
								<line number="218" hits="1" branch="false"/>
								<line number="220" hits="2" branch="false"/>
								<line number="221" hits="2" branch="true"/>
								<line number="222" hits="1" branch="false"/>
								<line number="224" hits="2" branch="false"/>
								<line number="225" hits="2" branch="true"/>
								<line number="226" hits="1" branch="false"/>
								<line number="228" hits="2" branch="false"/>
								<line number="229" hits="2" branch="false"/>
								<line number="231" hits="44" branch="false"/>
							</lines>
						</method>
						<method name="addChangeLog" signature="(Lorg/jdom/Element;Lnet/sourceforge/vulcan/dto/ProjectStatusDto;Ljava/text/DateFormat;)V" line-rate="1.0" branch-rate="1.0">
							<lines>
								<line number="309" hits="22" branch="false"/>
								<line number="311" hits="22" branch="true"/>
								<line number="312" hits="14" branch="false"/>
								<line number="315" hits="8" branch="false"/>
								<line number="317" hits="8" branch="false"/>
								<line number="318" hits="8" branch="true"/>
								<line number="319" hits="1" branch="false"/>
								<line number="322" hits="8" branch="true"/>
								<line number="323" hits="7" branch="false"/>
								<line number="325" hits="7" branch="true"/>
								<line number="326" hits="6" branch="false"/>
								<line number="329" hits="7" branch="true"/>
								<line number="330" hits="6" branch="false"/>
								<line number="333" hits="7" branch="true"/>
								<line number="334" hits="6" branch="false"/>
								<line number="335" hits="6" branch="false"/>
								<line number="338" hits="7" branch="true"/>
								<line number="339" hits="6" branch="false"/>
								<line number="342" hits="7" branch="true"/>
								<line number="343" hits="6" branch="false"/>
								<line number="346" hits="7" branch="false"/>
								<line number="347" hits="7" branch="false"/>
								<line number="349" hits="8" branch="true"/>
								<line number="350" hits="7" branch="false"/>
								<line number="352" hits="8" branch="false"/>
							</lines>
						</method>
						<method name="addChildNodeWithText" signature="(Lorg/jdom/Element;Ljava/lang/String;Ljava/lang/String;)Lorg/jdom/Element;" line-rate="1.0" branch-rate="1.0">
							<lines>
								<line number="262" hits="283" branch="false"/>
								<line number="263" hits="283" branch="false"/>
								<line number="264" hits="283" branch="false"/>
								<line number="265" hits="283" branch="false"/>
							</lines>
						</method>
						<method name="addDependencies" signature="(Lorg/jdom/Element;Lnet/sourceforge/vulcan/dto/ProjectStatusDto;Ljava/text/DateFormat;)V" line-rate="0.9615384615384616" branch-rate="0.9166666666666666">
							<lines>
								<line number="268" hits="22" branch="false"/>
								<line number="270" hits="22" branch="true"/>
								<line number="271" hits="21" branch="false"/>
								<line number="274" hits="1" branch="false"/>
								<line number="275" hits="1" branch="false"/>
								<line number="277" hits="1" branch="true"/>
								<line number="278" hits="3" branch="false"/>
								<line number="280" hits="3" branch="false"/>
								<line number="282" hits="3" branch="false"/>
								<line number="283" hits="3" branch="true"/>
								<line number="284" hits="2" branch="false"/>
								<line number="286" hits="2" branch="true"/>
								<line number="287" hits="2" branch="false"/>
								<line number="289" hits="0" branch="false"/>
								<line number="291" hits="2" branch="false"/>
								<line number="292" hits="2" branch="false"/>
								<line number="293" hits="2" branch="false"/>
								<line number="295" hits="2" branch="false"/>
								<line number="296" hits="2" branch="false"/>
								<line number="297" hits="2" branch="false"/>
								<line number="299" hits="2" branch="false"/>
								<line number="300" hits="2" branch="true"/>
								<line number="301" hits="1" branch="false"/>
								<line number="305" hits="3" branch="false"/>
								<line number="306" hits="3" branch="false"/>
								<line number="307" hits="1" branch="false"/>
							</lines>
						</method>
						<method name="addElapsedTime" signature="(Lorg/jdom/Element;Lnet/sourceforge/vulcan/dto/ProjectStatusDto;Ljava/util/Locale;)V" line-rate="1.0" branch-rate="1.0">
							<lines>
								<line number="455" hits="25" branch="false"/>
								<line number="457" hits="25" branch="true"/>
								<line number="458" hits="23" branch="false"/>
								<line number="461" hits="2" branch="false"/>
								<line number="463" hits="2" branch="true"/>
								<line number="464" hits="1" branch="false"/>
								<line number="467" hits="2" branch="false"/>
								<line number="469" hits="2" branch="false"/>
								<line number="471" hits="2" branch="false"/>
								<line number="473" hits="2" branch="false"/>
								<line number="474" hits="2" branch="false"/>
								<line number="476" hits="2" branch="false"/>
								<line number="478" hits="2" branch="false"/>
								<line number="479" hits="2" branch="false"/>
							</lines>
						</method>
						<method name="addMetrics" signature="(Lorg/jdom/Element;Ljava/util/List;Ljava/util/Locale;)V" line-rate="1.0" branch-rate="0.8333333333333334">
							<lines>
								<line number="233" hits="25" branch="true"/>
								<line number="234" hits="1" branch="false"/>
								<line number="236" hits="1" branch="true"/>
								<line number="237" hits="1" branch="false"/>
								<line number="238" hits="1" branch="false"/>
								<line number="239" hits="1" branch="false"/>
								<line number="241" hits="1" branch="false"/>
								<line number="242" hits="1" branch="false"/>
								<line number="243" hits="1" branch="false"/>
								<line number="245" hits="25" branch="false"/>
							</lines>
						</method>
						<method name="addModifiedPaths" signature="(Lorg/jdom/Element;[Ljava/lang/String;)V" line-rate="1.0" branch-rate="1.0">
							<lines>
								<line number="380" hits="6" branch="false"/>
								<line number="382" hits="18" branch="true"/>
								<line number="383" hits="12" branch="false"/>
								<line number="384" hits="12" branch="false"/>
								<line number="385" hits="12" branch="false"/>
								<line number="387" hits="6" branch="false"/>
								<line number="388" hits="6" branch="false"/>
							</lines>
						</method>
						<method name="addTestFailures" signature="(Lorg/jdom/Element;Ljava/util/List;)V" line-rate="1.0" branch-rate="0.8333333333333334">
							<lines>
								<line number="247" hits="22" branch="true"/>
								<line number="248" hits="1" branch="false"/>
								<line number="250" hits="1" branch="true"/>
								<line number="251" hits="1" branch="false"/>
								<line number="252" hits="1" branch="false"/>
								<line number="253" hits="1" branch="false"/>
								<line number="255" hits="1" branch="false"/>
								<line number="256" hits="1" branch="false"/>
								<line number="258" hits="1" branch="false"/>
								<line number="260" hits="22" branch="false"/>
							</lines>
						</method>
						<method name="addXAxis" signature="(Lorg/jdom/Element;Ljava/util/List;Ljava/text/DateFormat;Ljava/util/Locale;)V" line-rate="1.0" branch-rate="1.0">
							<lines>
								<line number="481" hits="3" branch="false"/>
								<line number="482" hits="3" branch="false"/>
								<line number="484" hits="3" branch="false"/>
								<line number="485" hits="3" branch="false"/>
								<line number="487" hits="3" branch="false"/>
								<line number="489" hits="3" branch="false"/>
								<line number="490" hits="3" branch="false"/>
								<line number="491" hits="3" branch="false"/>
								<line number="492" hits="3" branch="false"/>
								<line number="494" hits="3" branch="false"/>
								<line number="495" hits="3" branch="false"/>
								<line number="497" hits="3" branch="true"/>
								<line number="498" hits="3" branch="false"/>
								<line number="499" hits="3" branch="false"/>
								<line number="500" hits="3" branch="false"/>
								<line number="501" hits="3" branch="false"/>
								<line number="502" hits="3" branch="false"/>
								<line number="503" hits="3" branch="false"/>
							</lines>
						</method>
						<method name="applyParameters" signature="(Ljavax/xml/transform/Transformer;Ljava/util/Locale;)V" line-rate="1.0" branch-rate="1.0">
							<lines>
								<line number="202" hits="1" branch="true"/>
								<line number="203" hits="1" branch="false"/>
								<line number="206" hits="1" branch="false"/>
							</lines>
						</method>
						<method name="createAxisLabelGenerator" signature="(JJLjava/util/Locale;)Lnet/sourceforge/vulcan/core/support/AbstractProjectDomBuilder$AxisLabelGenerator;" line-rate="1.0" branch-rate="1.0">
							<lines>
								<line number="198" hits="6" branch="false"/>
							</lines>
						</method>
						<method name="createProjectDocument" signature="(Lnet/sourceforge/vulcan/dto/ProjectStatusDto;Ljava/util/Locale;)Lorg/jdom/Document;" line-rate="1.0" branch-rate="0.8571428571428571">
							<lines>
								<line number="82" hits="22" branch="true"/>
								<line number="83" hits="22" branch="false"/>
								<line number="85" hits="22" branch="false"/>
								<line number="87" hits="22" branch="false"/>
								<line number="88" hits="22" branch="false"/>
								<line number="90" hits="22" branch="false"/>
								<line number="92" hits="22" branch="false"/>
								<line number="93" hits="22" branch="true"/>
								<line number="94" hits="22" branch="false"/>
								<line number="97" hits="22" branch="false"/>
								<line number="99" hits="22" branch="false"/>
								<line number="101" hits="22" branch="false"/>
								<line number="102" hits="22" branch="false"/>
								<line number="104" hits="22" branch="false"/>
								<line number="106" hits="22" branch="true"/>
								<line number="107" hits="3" branch="true"/>
								<line number="108" hits="1" branch="false"/>
								<line number="111" hits="22" branch="false"/>
								<line number="112" hits="22" branch="true"/>
								<line number="113" hits="1" branch="false"/>
								<line number="115" hits="1" branch="false"/>
								<line number="118" hits="22" branch="false"/>
								<line number="119" hits="22" branch="false"/>
								<line number="121" hits="22" branch="false"/>
							</lines>
						</method>
						<method name="createProjectSummaries" signature="(Ljava/util/List;Ljava/lang/Object;Ljava/lang/Object;Ljava/util/Locale;)Lorg/jdom/Document;" line-rate="1.0" branch-rate="0.875">
							<lines>
								<line number="125" hits="3" branch="true"/>
								<line number="126" hits="3" branch="false"/>
								<line number="129" hits="3" branch="false"/>
								<line number="130" hits="3" branch="false"/>
								<line number="131" hits="3" branch="false"/>
								<line number="133" hits="3" branch="true"/>
								<line number="134" hits="1" branch="false"/>
								<line number="136" hits="3" branch="true"/>
								<line number="137" hits="1" branch="false"/>
								<line number="140" hits="3" branch="false"/>
								<line number="141" hits="3" branch="false"/>
								<line number="143" hits="3" branch="false"/>
								<line number="145" hits="3" branch="true"/>
								<line number="146" hits="3" branch="false"/>
								<line number="148" hits="3" branch="false"/>
								<line number="150" hits="3" branch="false"/>
								<line number="151" hits="3" branch="false"/>
								<line number="152" hits="3" branch="false"/>
								<line number="153" hits="3" branch="false"/>
							</lines>
						</method>
						<method name="linkifyCommitMessage" signature="(Lorg/jdom/Element;Lnet/sourceforge/vulcan/dto/ChangeSetDto;Ljava/lang/String;)V" line-rate="1.0" branch-rate="1.0">
							<lines>
								<line number="355" hits="6" branch="false"/>
								<line number="358" hits="6" branch="false"/>
								<line number="360" hits="5" branch="false"/>
								<line number="361" hits="5" branch="false"/>
								<line number="362" hits="1" branch="false"/>
								<line number="363" hits="5" branch="false"/>
								<line number="366" hits="6" branch="false"/>
								<line number="368" hits="5" branch="false"/>
								<line number="369" hits="1" branch="false"/>
								<line number="370" hits="1" branch="false"/>
								<line number="373" hits="1" branch="false"/>
								<line number="374" hits="1" branch="false"/>
								<line number="375" hits="1" branch="false"/>
								<line number="376" hits="5" branch="false"/>
								<line number="377" hits="6" branch="false"/>
							</lines>
						</method>
						<method name="readLog" signature="(Ljava/io/File;)Ljava/lang/String;" line-rate="0.0" branch-rate="1.0">
							<lines>
								<line number="189" hits="0" branch="false"/>
								<line number="191" hits="0" branch="false"/>
								<line number="193" hits="0" branch="false"/>
							</lines>
						</method>
						<method name="setBuildManager" signature="(Lnet/sourceforge/vulcan/core/BuildManager;)V" line-rate="1.0" branch-rate="1.0">
							<lines>
								<line number="176" hits="26" branch="false"/>
								<line number="177" hits="26" branch="false"/>
							</lines>
						</method>
						<method name="setEventHandler" signature="(Lnet/sourceforge/vulcan/event/EventHandler;)V" line-rate="1.0" branch-rate="1.0">
							<lines>
								<line number="179" hits="26" branch="false"/>
								<line number="180" hits="26" branch="false"/>
							</lines>
						</method>
						<method name="setProjectManager" signature="(Lnet/sourceforge/vulcan/ProjectManager;)V" line-rate="1.0" branch-rate="1.0">
							<lines>
								<line number="173" hits="26" branch="false"/>
								<line number="174" hits="26" branch="false"/>
							</lines>
						</method>
						<method name="setTransformMessageKeys" signature="(Ljava/util/Map;)V" line-rate="1.0" branch-rate="1.0">
							<lines>
								<line number="182" hits="1" branch="false"/>
								<line number="183" hits="1" branch="false"/>
							</lines>
						</method>
						<method name="transform" signature="(Lorg/jdom/Document;Ljava/net/URL;Ljava/net/URL;Ljava/net/URL;Ljava/util/Locale;Ljava/lang/String;Ljavax/xml/transform/Result;)Ljava/lang/String;" line-rate="0.8" branch-rate="0.5">
							<lines>
								<line number="156" hits="1" branch="false"/>
								<line number="158" hits="1" branch="false"/>
								<line number="159" hits="1" branch="true"/>
								<line number="160" hits="1" branch="false"/>
								<line number="162" hits="1" branch="true"/>
								<line number="163" hits="0" branch="false"/>
								<line number="165" hits="1" branch="true"/>
								<line number="166" hits="0" branch="false"/>
								<line number="168" hits="1" branch="false"/>
								<line number="170" hits="1" branch="false"/>
							</lines>
						</method>
					</methods>
					<lines>
						<line number="75" hits="70" branch="false"/>
						<line number="79" hits="70" branch="false"/>
						<line number="82" hits="22" branch="true"/>
						<line number="83" hits="22" branch="false"/>
						<line number="85" hits="22" branch="false"/>
						<line number="87" hits="22" branch="false"/>
						<line number="88" hits="22" branch="false"/>
						<line number="90" hits="22" branch="false"/>
						<line number="92" hits="22" branch="false"/>
						<line number="93" hits="22" branch="true"/>
						<line number="94" hits="22" branch="false"/>
						<line number="97" hits="22" branch="false"/>
						<line number="99" hits="22" branch="false"/>
						<line number="101" hits="22" branch="false"/>
						<line number="102" hits="22" branch="false"/>
						<line number="104" hits="22" branch="false"/>
						<line number="106" hits="22" branch="true"/>
						<line number="107" hits="3" branch="true"/>
						<line number="108" hits="1" branch="false"/>
						<line number="111" hits="22" branch="false"/>
						<line number="112" hits="22" branch="true"/>
						<line number="113" hits="1" branch="false"/>
						<line number="115" hits="1" branch="false"/>
						<line number="118" hits="22" branch="false"/>
						<line number="119" hits="22" branch="false"/>
						<line number="121" hits="22" branch="false"/>
						<line number="125" hits="3" branch="true"/>
						<line number="126" hits="3" branch="false"/>
						<line number="129" hits="3" branch="false"/>
						<line number="130" hits="3" branch="false"/>
						<line number="131" hits="3" branch="false"/>
						<line number="133" hits="3" branch="true"/>
						<line number="134" hits="1" branch="false"/>
						<line number="136" hits="3" branch="true"/>
						<line number="137" hits="1" branch="false"/>
						<line number="140" hits="3" branch="false"/>
						<line number="141" hits="3" branch="false"/>
						<line number="143" hits="3" branch="false"/>
						<line number="145" hits="3" branch="true"/>
						<line number="146" hits="3" branch="false"/>
						<line number="148" hits="3" branch="false"/>
						<line number="150" hits="3" branch="false"/>
						<line number="151" hits="3" branch="false"/>
						<line number="152" hits="3" branch="false"/>
						<line number="153" hits="3" branch="false"/>
						<line number="156" hits="1" branch="false"/>
						<line number="158" hits="1" branch="false"/>
						<line number="159" hits="1" branch="true"/>
						<line number="160" hits="1" branch="false"/>
						<line number="162" hits="1" branch="true"/>
						<line number="163" hits="0" branch="false"/>
						<line number="165" hits="1" branch="true"/>
						<line number="166" hits="0" branch="false"/>
						<line number="168" hits="1" branch="false"/>
						<line number="170" hits="1" branch="false"/>
						<line number="173" hits="26" branch="false"/>
						<line number="174" hits="26" branch="false"/>
						<line number="176" hits="26" branch="false"/>
						<line number="177" hits="26" branch="false"/>
						<line number="179" hits="26" branch="false"/>
						<line number="180" hits="26" branch="false"/>
						<line number="182" hits="1" branch="false"/>
						<line number="183" hits="1" branch="false"/>
						<line number="189" hits="0" branch="false"/>
						<line number="191" hits="0" branch="false"/>
						<line number="193" hits="0" branch="false"/>
						<line number="198" hits="6" branch="false"/>
						<line number="202" hits="1" branch="true"/>
						<line number="203" hits="1" branch="false"/>
						<line number="206" hits="1" branch="false"/>
						<line number="208" hits="44" branch="true"/>
						<line number="209" hits="2" branch="false"/>
						<line number="210" hits="2" branch="false"/>
						<line number="212" hits="2" branch="true"/>
						<line number="213" hits="2" branch="false"/>
						<line number="215" hits="2" branch="false"/>
						<line number="216" hits="2" branch="false"/>
						<line number="217" hits="2" branch="true"/>
						<line number="218" hits="1" branch="false"/>
						<line number="220" hits="2" branch="false"/>
						<line number="221" hits="2" branch="true"/>
						<line number="222" hits="1" branch="false"/>
						<line number="224" hits="2" branch="false"/>
						<line number="225" hits="2" branch="true"/>
						<line number="226" hits="1" branch="false"/>
						<line number="228" hits="2" branch="false"/>
						<line number="229" hits="2" branch="false"/>
						<line number="231" hits="44" branch="false"/>
						<line number="233" hits="25" branch="true"/>
						<line number="234" hits="1" branch="false"/>
						<line number="236" hits="1" branch="true"/>
						<line number="237" hits="1" branch="false"/>
						<line number="238" hits="1" branch="false"/>
						<line number="239" hits="1" branch="false"/>
						<line number="241" hits="1" branch="false"/>
						<line number="242" hits="1" branch="false"/>
						<line number="243" hits="1" branch="false"/>
						<line number="245" hits="25" branch="false"/>
						<line number="247" hits="22" branch="true"/>
						<line number="248" hits="1" branch="false"/>
						<line number="250" hits="1" branch="true"/>
						<line number="251" hits="1" branch="false"/>
						<line number="252" hits="1" branch="false"/>
						<line number="253" hits="1" branch="false"/>
						<line number="255" hits="1" branch="false"/>
						<line number="256" hits="1" branch="false"/>
						<line number="258" hits="1" branch="false"/>
						<line number="260" hits="22" branch="false"/>
						<line number="262" hits="283" branch="false"/>
						<line number="263" hits="283" branch="false"/>
						<line number="264" hits="283" branch="false"/>
						<line number="265" hits="283" branch="false"/>
						<line number="268" hits="22" branch="false"/>
						<line number="270" hits="22" branch="true"/>
						<line number="271" hits="21" branch="false"/>
						<line number="274" hits="1" branch="false"/>
						<line number="275" hits="1" branch="false"/>
						<line number="277" hits="1" branch="true"/>
						<line number="278" hits="3" branch="false"/>
						<line number="280" hits="3" branch="false"/>
						<line number="282" hits="3" branch="false"/>
						<line number="283" hits="3" branch="true"/>
						<line number="284" hits="2" branch="false"/>
						<line number="286" hits="2" branch="true"/>
						<line number="287" hits="2" branch="false"/>
						<line number="289" hits="0" branch="false"/>
						<line number="291" hits="2" branch="false"/>
						<line number="292" hits="2" branch="false"/>
						<line number="293" hits="2" branch="false"/>
						<line number="295" hits="2" branch="false"/>
						<line number="296" hits="2" branch="false"/>
						<line number="297" hits="2" branch="false"/>
						<line number="299" hits="2" branch="false"/>
						<line number="300" hits="2" branch="true"/>
						<line number="301" hits="1" branch="false"/>
						<line number="305" hits="3" branch="false"/>
						<line number="306" hits="3" branch="false"/>
						<line number="307" hits="1" branch="false"/>
						<line number="309" hits="22" branch="false"/>
						<line number="311" hits="22" branch="true"/>
						<line number="312" hits="14" branch="false"/>
						<line number="315" hits="8" branch="false"/>
						<line number="317" hits="8" branch="false"/>
						<line number="318" hits="8" branch="true"/>
						<line number="319" hits="1" branch="false"/>
						<line number="322" hits="8" branch="true"/>
						<line number="323" hits="7" branch="false"/>
						<line number="325" hits="7" branch="true"/>
						<line number="326" hits="6" branch="false"/>
						<line number="329" hits="7" branch="true"/>
						<line number="330" hits="6" branch="false"/>
						<line number="333" hits="7" branch="true"/>
						<line number="334" hits="6" branch="false"/>
						<line number="335" hits="6" branch="false"/>
						<line number="338" hits="7" branch="true"/>
						<line number="339" hits="6" branch="false"/>
						<line number="342" hits="7" branch="true"/>
						<line number="343" hits="6" branch="false"/>
						<line number="346" hits="7" branch="false"/>
						<line number="347" hits="7" branch="false"/>
						<line number="349" hits="8" branch="true"/>
						<line number="350" hits="7" branch="false"/>
						<line number="352" hits="8" branch="false"/>
						<line number="355" hits="6" branch="false"/>
						<line number="358" hits="6" branch="false"/>
						<line number="360" hits="5" branch="false"/>
						<line number="361" hits="5" branch="false"/>
						<line number="362" hits="1" branch="false"/>
						<line number="363" hits="5" branch="false"/>
						<line number="366" hits="6" branch="false"/>
						<line number="368" hits="5" branch="false"/>
						<line number="369" hits="1" branch="false"/>
						<line number="370" hits="1" branch="false"/>
						<line number="373" hits="1" branch="false"/>
						<line number="374" hits="1" branch="false"/>
						<line number="375" hits="1" branch="false"/>
						<line number="376" hits="5" branch="false"/>
						<line number="377" hits="6" branch="false"/>
						<line number="380" hits="6" branch="false"/>
						<line number="382" hits="18" branch="true"/>
						<line number="383" hits="12" branch="false"/>
						<line number="384" hits="12" branch="false"/>
						<line number="385" hits="12" branch="false"/>
						<line number="387" hits="6" branch="false"/>
						<line number="388" hits="6" branch="false"/>
						<line number="390" hits="25" branch="false"/>
						<line number="392" hits="25" branch="false"/>
						<line number="393" hits="25" branch="true"/>
						<line number="394" hits="25" branch="false"/>
						<line number="397" hits="25" branch="false"/>
						<line number="399" hits="25" branch="false"/>
						<line number="400" hits="25" branch="true"/>
						<line number="401" hits="24" branch="false"/>
						<line number="404" hits="25" branch="false"/>
						<line number="406" hits="25" branch="false"/>
						<line number="407" hits="25" branch="true"/>
						<line number="408" hits="23" branch="false"/>
						<line number="409" hits="23" branch="false"/>
						<line number="412" hits="25" branch="false"/>
						<line number="413" hits="25" branch="true"/>
						<line number="414" hits="24" branch="false"/>
						<line number="420" hits="25" branch="false"/>
						<line number="421" hits="25" branch="true"/>
						<line number="422" hits="23" branch="false"/>
						<line number="423" hits="23" branch="false"/>
						<line number="426" hits="25" branch="false"/>
						<line number="427" hits="25" branch="true"/>
						<line number="428" hits="25" branch="false"/>
						<line number="431" hits="25" branch="false"/>
						<line number="432" hits="25" branch="true"/>
						<line number="433" hits="2" branch="true"/>
						<line number="434" hits="1" branch="false"/>
						<line number="436" hits="1" branch="false"/>
						<line number="440" hits="25" branch="false"/>
						<line number="441" hits="25" branch="true"/>
						<line number="442" hits="1" branch="false"/>
						<line number="446" hits="25" branch="true"/>
						<line number="447" hits="24" branch="false"/>
						<line number="450" hits="25" branch="true"/>
						<line number="451" hits="24" branch="false"/>
						<line number="453" hits="25" branch="false"/>
						<line number="455" hits="25" branch="false"/>
						<line number="457" hits="25" branch="true"/>
						<line number="458" hits="23" branch="false"/>
						<line number="461" hits="2" branch="false"/>
						<line number="463" hits="2" branch="true"/>
						<line number="464" hits="1" branch="false"/>
						<line number="467" hits="2" branch="false"/>
						<line number="469" hits="2" branch="false"/>
						<line number="471" hits="2" branch="false"/>
						<line number="473" hits="2" branch="false"/>
						<line number="474" hits="2" branch="false"/>
						<line number="476" hits="2" branch="false"/>
						<line number="478" hits="2" branch="false"/>
						<line number="479" hits="2" branch="false"/>
						<line number="481" hits="3" branch="false"/>
						<line number="482" hits="3" branch="false"/>
						<line number="484" hits="3" branch="false"/>
						<line number="485" hits="3" branch="false"/>
						<line number="487" hits="3" branch="false"/>
						<line number="489" hits="3" branch="false"/>
						<line number="490" hits="3" branch="false"/>
						<line number="491" hits="3" branch="false"/>
						<line number="492" hits="3" branch="false"/>
						<line number="494" hits="3" branch="false"/>
						<line number="495" hits="3" branch="false"/>
						<line number="497" hits="3" branch="true"/>
						<line number="498" hits="3" branch="false"/>
						<line number="499" hits="3" branch="false"/>
						<line number="500" hits="3" branch="false"/>
						<line number="501" hits="3" branch="false"/>
						<line number="502" hits="3" branch="false"/>
						<line number="503" hits="3" branch="false"/>
						<line number="523" hits="70" branch="false"/>
					</lines>
				</class>
				<class name="net.sourceforge.vulcan.core.support.AbstractProjectDomBuilder$AxisLabel" filename="net/sourceforge/vulcan/core/support/AbstractProjectDomBuilder.java" line-rate="1.0" branch-rate="1.0" complexity="0.0">
					<methods>
						<method name="&lt;init&gt;" signature="(JLjava/lang/String;)V" line-rate="1.0" branch-rate="1.0">
							<lines>
								<line number="509" hits="34" branch="false"/>
								<line number="510" hits="34" branch="false"/>
								<line number="511" hits="34" branch="false"/>
								<line number="512" hits="34" branch="false"/>
							</lines>
						</method>
						<method name="getLabel" signature="()Ljava/lang/String;" line-rate="1.0" branch-rate="1.0">
							<lines>
								<line number="519" hits="30" branch="false"/>
							</lines>
						</method>
						<method name="getScalar" signature="()J" line-rate="1.0" branch-rate="1.0">
							<lines>
								<line number="515" hits="3" branch="false"/>
							</lines>
						</method>
					</methods>
					<lines>
						<line number="509" hits="34" branch="false"/>
						<line number="510" hits="34" branch="false"/>
						<line number="511" hits="34" branch="false"/>
						<line number="512" hits="34" branch="false"/>
						<line number="515" hits="3" branch="false"/>
						<line number="519" hits="30" branch="false"/>
					</lines>
				</class>
				<class name="net.sourceforge.vulcan.core.support.AbstractProjectDomBuilder$AxisLabelGenerator" filename="net/sourceforge/vulcan/core/support/AbstractProjectDomBuilder.java" line-rate="0.9761904761904762" branch-rate="0.9" complexity="0.0">
					<methods>
						<method name="&lt;init&gt;" signature="(Lnet/sourceforge/vulcan/core/support/AbstractProjectDomBuilder;JJLjava/util/Locale;)V" line-rate="0.8888888888888888" branch-rate="0.5">
							<lines>
								<line number="532" hits="9" branch="false"/>
								<line number="533" hits="9" branch="false"/>
								<line number="534" hits="9" branch="false"/>
								<line number="536" hits="9" branch="true"/>
								<line number="537" hits="9" branch="false"/>
								<line number="539" hits="0" branch="false"/>
								<line number="542" hits="9" branch="false"/>
								<line number="544" hits="9" branch="false"/>
								<line number="545" hits="9" branch="false"/>
							</lines>
						</method>
						<method name="generateLabels" signature="()V" line-rate="1.0" branch-rate="1.0">
							<lines>
								<line number="560" hits="9" branch="false"/>
								<line number="565" hits="9" branch="true"/>
								<line number="566" hits="3" branch="false"/>
								<line number="567" hits="3" branch="false"/>
								<line number="569" hits="3" branch="false"/>
								<line number="570" hits="6" branch="true"/>
								<line number="571" hits="2" branch="false"/>
								<line number="572" hits="2" branch="false"/>
								<line number="574" hits="2" branch="false"/>
								<line number="576" hits="4" branch="false"/>
								<line number="577" hits="4" branch="false"/>
								<line number="579" hits="4" branch="false"/>
								<line number="582" hits="9" branch="false"/>
[...]
								<line number="31" hits="9" branch="false"/>
								<line number="32" hits="9" branch="false"/>
							</lines>
						</method>
					</methods>
					<lines>
						<line number="23" hits="9" branch="false"/>
						<line number="27" hits="13" branch="false"/>
						<line number="31" hits="9" branch="false"/>
						<line number="32" hits="9" branch="false"/>
					</lines>
				</class>
				<class name="net.sourceforge.vulcan.spring.jdbc.MetricInserter" filename="net/sourceforge/vulcan/spring/jdbc/MetricInserter.java" line-rate="1.0" branch-rate="1.0" complexity="0.0">
					<methods>
						<method name="&lt;init&gt;" signature="(Ljavax/sql/DataSource;)V" line-rate="1.0" branch-rate="1.0">
							<lines>
								<line number="32" hits="25" branch="false"/>
								<line number="33" hits="25" branch="false"/>
								<line number="34" hits="25" branch="false"/>
								<line number="38" hits="25" branch="false"/>
								<line number="39" hits="25" branch="false"/>
								<line number="40" hits="25" branch="false"/>
								<line number="42" hits="25" branch="false"/>
								<line number="43" hits="25" branch="false"/>
							</lines>
						</method>
						<method name="insert" signature="(ILjava/util/List;)I" line-rate="1.0" branch-rate="1.0">
							<lines>
								<line number="46" hits="1" branch="false"/>
								<line number="48" hits="1" branch="false"/>
								<line number="50" hits="1" branch="false"/>
								<line number="52" hits="1" branch="true"/>
								<line number="53" hits="2" branch="false"/>
								<line number="54" hits="2" branch="false"/>
								<line number="56" hits="2" branch="false"/>
								<line number="59" hits="1" branch="false"/>
							</lines>
						</method>
					</methods>
					<lines>
						<line number="32" hits="25" branch="false"/>
						<line number="33" hits="25" branch="false"/>
						<line number="34" hits="25" branch="false"/>
						<line number="38" hits="25" branch="false"/>
						<line number="39" hits="25" branch="false"/>
						<line number="40" hits="25" branch="false"/>
						<line number="42" hits="25" branch="false"/>
						<line number="43" hits="25" branch="false"/>
						<line number="46" hits="1" branch="false"/>
						<line number="48" hits="1" branch="false"/>
						<line number="50" hits="1" branch="false"/>
						<line number="52" hits="1" branch="true"/>
						<line number="53" hits="2" branch="false"/>
						<line number="54" hits="2" branch="false"/>
						<line number="56" hits="2" branch="false"/>
						<line number="59" hits="1" branch="false"/>
					</lines>
				</class>
				<class name="net.sourceforge.vulcan.spring.jdbc.MetricsQuery" filename="net/sourceforge/vulcan/spring/jdbc/MetricsQuery.java" line-rate="1.0" branch-rate="1.0" complexity="0.0">
					<methods>
						<method name="&lt;init&gt;" signature="(Ljavax/sql/DataSource;)V" line-rate="1.0" branch-rate="1.0">
							<lines>
								<line number="36" hits="25" branch="false"/>
								<line number="38" hits="25" branch="false"/>
								<line number="39" hits="25" branch="false"/>
								<line number="40" hits="25" branch="false"/>
							</lines>
						</method>
						<method name="execute" signature="(I)Ljava/util/List;" line-rate="1.0" branch-rate="1.0">
							<lines>
								<line number="55" hits="24" branch="false"/>
							</lines>
						</method>
						<method name="mapRow" signature="(Ljava/sql/ResultSet;I)Ljava/lang/Object;" line-rate="1.0" branch-rate="1.0">
							<lines>
								<line number="34" hits="2" branch="false"/>
							</lines>
						</method>
						<method name="mapRow" signature="(Ljava/sql/ResultSet;I)Lnet/sourceforge/vulcan/dto/MetricDto;" line-rate="1.0" branch-rate="1.0">
							<lines>
								<line number="60" hits="2" branch="false"/>
								<line number="62" hits="2" branch="false"/>
								<line number="63" hits="2" branch="false"/>
								<line number="65" hits="2" branch="false"/>
							</lines>
						</method>
						<method name="queryMetrics" signature="(Lnet/sourceforge/vulcan/spring/jdbc/JdbcBuildOutcomeDto;)V" line-rate="1.0" branch-rate="1.0">
							<lines>
								<line number="43" hits="24" branch="false"/>
								<line number="45" hits="24" branch="true"/>
								<line number="46" hits="23" branch="false"/>
								<line number="49" hits="1" branch="false"/>
								<line number="50" hits="1" branch="false"/>
							</lines>
						</method>
					</methods>
					<lines>
						<line number="34" hits="2" branch="false"/>
						<line number="36" hits="25" branch="false"/>
						<line number="38" hits="25" branch="false"/>
						<line number="39" hits="25" branch="false"/>
						<line number="40" hits="25" branch="false"/>
						<line number="43" hits="24" branch="false"/>
						<line number="45" hits="24" branch="true"/>
						<line number="46" hits="23" branch="false"/>
						<line number="49" hits="1" branch="false"/>
						<line number="50" hits="1" branch="false"/>
						<line number="55" hits="24" branch="false"/>
						<line number="60" hits="2" branch="false"/>
						<line number="62" hits="2" branch="false"/>
						<line number="63" hits="2" branch="false"/>
						<line number="65" hits="2" branch="false"/>
					</lines>
				</class>
				<class name="net.sourceforge.vulcan.spring.jdbc.ModifiedPathInserter" filename="net/sourceforge/vulcan/spring/jdbc/ModifiedPathInserter.java" line-rate="1.0" branch-rate="1.0" complexity="0.0">
					<methods>
						<method name="&lt;init&gt;" signature="(Ljavax/sql/DataSource;)V" line-rate="1.0" branch-rate="1.0">
							<lines>
								<line number="29" hits="25" branch="false"/>
								<line number="30" hits="25" branch="false"/>
								<line number="31" hits="25" branch="false"/>
								<line number="35" hits="25" branch="false"/>
								<line number="36" hits="25" branch="false"/>
								<line number="37" hits="25" branch="false"/>
								<line number="39" hits="25" branch="false"/>
								<line number="40" hits="25" branch="false"/>
							</lines>
						</method>
						<method name="insert" signature="(II[Ljava/lang/String;)I" line-rate="1.0" branch-rate="1.0">
							<lines>
								<line number="43" hits="1" branch="false"/>
								<line number="45" hits="1" branch="false"/>
								<line number="47" hits="1" branch="false"/>
								<line number="48" hits="1" branch="false"/>
								<line number="50" hits="3" branch="true"/>
								<line number="51" hits="2" branch="false"/>
								<line number="53" hits="2" branch="false"/>
								<line number="56" hits="1" branch="false"/>
							</lines>
						</method>
					</methods>
					<lines>
						<line number="29" hits="25" branch="false"/>
						<line number="30" hits="25" branch="false"/>
						<line number="31" hits="25" branch="false"/>
						<line number="35" hits="25" branch="false"/>
						<line number="36" hits="25" branch="false"/>
						<line number="37" hits="25" branch="false"/>
						<line number="39" hits="25" branch="false"/>
						<line number="40" hits="25" branch="false"/>
						<line number="43" hits="1" branch="false"/>
						<line number="45" hits="1" branch="false"/>
						<line number="47" hits="1" branch="false"/>
						<line number="48" hits="1" branch="false"/>
						<line number="50" hits="3" branch="true"/>
						<line number="51" hits="2" branch="false"/>
						<line number="53" hits="2" branch="false"/>
						<line number="56" hits="1" branch="false"/>
					</lines>
				</class>
				<class name="net.sourceforge.vulcan.spring.jdbc.ModifiedPathQuery" filename="net/sourceforge/vulcan/spring/jdbc/ModifiedPathQuery.java" line-rate="1.0" branch-rate="1.0" complexity="0.0">
					<methods>
						<method name="&lt;init&gt;" signature="(Ljavax/sql/DataSource;)V" line-rate="1.0" branch-rate="1.0">
							<lines>
								<line number="35" hits="25" branch="false"/>
								<line number="38" hits="25" branch="false"/>
								<line number="39" hits="25" branch="false"/>
								<line number="41" hits="25" branch="false"/>
								<line number="42" hits="25" branch="false"/>
							</lines>
						</method>
						<method name="execute" signature="(II)Ljava/util/List;" line-rate="1.0" branch-rate="1.0">
							<lines>
								<line number="57" hits="3" branch="false"/>
							</lines>
						</method>
						<method name="mapRow" signature="(Ljava/sql/ResultSet;I)Ljava/lang/Object;" line-rate="1.0" branch-rate="1.0">
							<lines>
								<line number="33" hits="2" branch="false"/>
							</lines>
						</method>
						<method name="mapRow" signature="(Ljava/sql/ResultSet;I)Ljava/lang/String;" line-rate="1.0" branch-rate="1.0">
							<lines>
								<line number="62" hits="2" branch="false"/>
							</lines>
						</method>
						<method name="queryModifiedPaths" signature="(II)[Ljava/lang/String;" line-rate="1.0" branch-rate="1.0">
							<lines>
								<line number="45" hits="3" branch="false"/>
								<line number="47" hits="3" branch="true"/>
								<line number="48" hits="2" branch="false"/>
								<line number="51" hits="1" branch="false"/>
							</lines>
						</method>
					</methods>
					<lines>
						<line number="33" hits="2" branch="false"/>
						<line number="35" hits="25" branch="false"/>
						<line number="38" hits="25" branch="false"/>
						<line number="39" hits="25" branch="false"/>
						<line number="41" hits="25" branch="false"/>
						<line number="42" hits="25" branch="false"/>
						<line number="45" hits="3" branch="false"/>
						<line number="47" hits="3" branch="true"/>
						<line number="48" hits="2" branch="false"/>
						<line number="51" hits="1" branch="false"/>
						<line number="57" hits="3" branch="false"/>
						<line number="62" hits="2" branch="false"/>
					</lines>
				</class>
				<class name="net.sourceforge.vulcan.spring.jdbc.ProjectNamesQuery" filename="net/sourceforge/vulcan/spring/jdbc/ProjectNamesQuery.java" line-rate="0.8333333333333334" branch-rate="1.0" complexity="0.0">
					<methods>
						<method name="&lt;init&gt;" signature="(Ljavax/sql/DataSource;)V" line-rate="1.0" branch-rate="1.0">
							<lines>
								<line number="34" hits="25" branch="false"/>
								<line number="37" hits="25" branch="false"/>
								<line number="38" hits="25" branch="false"/>
								<line number="39" hits="25" branch="false"/>
							</lines>
						</method>
						<method name="execute" signature="()Ljava/util/List;" line-rate="1.0" branch-rate="1.0">
							<lines>
								<line number="43" hits="25" branch="false"/>
							</lines>
						</method>
						<method name="mapRow" signature="(Ljava/sql/ResultSet;I)Ljava/lang/Object;" line-rate="0.0" branch-rate="1.0">
							<lines>
								<line number="47" hits="0" branch="false"/>
							</lines>
						</method>
					</methods>
					<lines>
						<line number="34" hits="25" branch="false"/>
						<line number="37" hits="25" branch="false"/>
						<line number="38" hits="25" branch="false"/>
						<line number="39" hits="25" branch="false"/>
						<line number="43" hits="25" branch="false"/>
						<line number="47" hits="0" branch="false"/>
					</lines>
				</class>
				<class name="net.sourceforge.vulcan.spring.jdbc.TestFailureInserter" filename="net/sourceforge/vulcan/spring/jdbc/TestFailureInserter.java" line-rate="1.0" branch-rate="1.0" complexity="0.0">
					<methods>
						<method name="&lt;init&gt;" signature="(Ljavax/sql/DataSource;)V" line-rate="1.0" branch-rate="1.0">
							<lines>
								<line number="32" hits="25" branch="false"/>
								<line number="33" hits="25" branch="false"/>
								<line number="34" hits="25" branch="false"/>
								<line number="38" hits="25" branch="false"/>
								<line number="39" hits="25" branch="false"/>
								<line number="40" hits="25" branch="false"/>
								<line number="42" hits="25" branch="false"/>
								<line number="43" hits="25" branch="false"/>
							</lines>
						</method>
						<method name="insert" signature="(ILjava/util/List;)I" line-rate="1.0" branch-rate="1.0">
							<lines>
								<line number="46" hits="1" branch="false"/>
								<line number="48" hits="1" branch="false"/>
								<line number="50" hits="1" branch="false"/>
								<line number="52" hits="1" branch="true"/>
								<line number="53" hits="1" branch="false"/>
								<line number="54" hits="1" branch="false"/>
								<line number="56" hits="1" branch="false"/>
								<line number="59" hits="1" branch="false"/>
							</lines>
						</method>
					</methods>
					<lines>
						<line number="32" hits="25" branch="false"/>
						<line number="33" hits="25" branch="false"/>
						<line number="34" hits="25" branch="false"/>
						<line number="38" hits="25" branch="false"/>
						<line number="39" hits="25" branch="false"/>
						<line number="40" hits="25" branch="false"/>
						<line number="42" hits="25" branch="false"/>
						<line number="43" hits="25" branch="false"/>
						<line number="46" hits="1" branch="false"/>
						<line number="48" hits="1" branch="false"/>
						<line number="50" hits="1" branch="false"/>
						<line number="52" hits="1" branch="true"/>
						<line number="53" hits="1" branch="false"/>
						<line number="54" hits="1" branch="false"/>
						<line number="56" hits="1" branch="false"/>
						<line number="59" hits="1" branch="false"/>
					</lines>
				</class>
				<class name="net.sourceforge.vulcan.spring.jdbc.TestFailureQuery" filename="net/sourceforge/vulcan/spring/jdbc/TestFailureQuery.java" line-rate="1.0" branch-rate="1.0" complexity="0.0">
					<methods>
						<method name="&lt;init&gt;" signature="(Ljavax/sql/DataSource;)V" line-rate="1.0" branch-rate="1.0">
							<lines>
								<line number="36" hits="25" branch="false"/>
								<line number="38" hits="25" branch="false"/>
								<line number="39" hits="25" branch="false"/>
								<line number="40" hits="25" branch="false"/>
							</lines>
						</method>
						<method name="execute" signature="(I)Ljava/util/List;" line-rate="1.0" branch-rate="1.0">
							<lines>
								<line number="55" hits="24" branch="false"/>
							</lines>
						</method>
						<method name="mapRow" signature="(Ljava/sql/ResultSet;I)Ljava/lang/Object;" line-rate="1.0" branch-rate="1.0">
							<lines>
								<line number="34" hits="1" branch="false"/>
							</lines>
						</method>
						<method name="mapRow" signature="(Ljava/sql/ResultSet;I)Lnet/sourceforge/vulcan/dto/TestFailureDto;" line-rate="1.0" branch-rate="1.0">
							<lines>
								<line number="60" hits="1" branch="false"/>
								<line number="62" hits="1" branch="false"/>
								<line number="63" hits="1" branch="false"/>
								<line number="65" hits="1" branch="false"/>
							</lines>
						</method>
						<method name="queryTestFailures" signature="(Lnet/sourceforge/vulcan/spring/jdbc/JdbcBuildOutcomeDto;)V" line-rate="1.0" branch-rate="1.0">
							<lines>
								<line number="43" hits="24" branch="false"/>
								<line number="45" hits="24" branch="true"/>
								<line number="46" hits="23" branch="false"/>
								<line number="49" hits="1" branch="false"/>
								<line number="50" hits="1" branch="false"/>
							</lines>
						</method>
					</methods>
					<lines>
						<line number="34" hits="1" branch="false"/>
						<line number="36" hits="25" branch="false"/>
						<line number="38" hits="25" branch="false"/>
						<line number="39" hits="25" branch="false"/>
						<line number="40" hits="25" branch="false"/>
						<line number="43" hits="24" branch="false"/>
						<line number="45" hits="24" branch="true"/>
						<line number="46" hits="23" branch="false"/>
						<line number="49" hits="1" branch="false"/>
						<line number="50" hits="1" branch="false"/>
						<line number="55" hits="24" branch="false"/>
						<line number="60" hits="1" branch="false"/>
						<line number="62" hits="1" branch="false"/>
						<line number="63" hits="1" branch="false"/>
						<line number="65" hits="1" branch="false"/>
					</lines>
				</class>
			</classes>
		</package>
		<package name="net.sourceforge.vulcan.spring.mbean" line-rate="0.0" branch-rate="0.0" complexity="0.0">
			<classes>
				<class name="net.sourceforge.vulcan.spring.mbean.MbeanServerLocator" filename="net/sourceforge/vulcan/spring/mbean/MbeanServerLocator.java" line-rate="0.0" branch-rate="0.0" complexity="0.0">
					<methods>
						<method name="&lt;init&gt;" signature="()V" line-rate="0.0" branch-rate="1.0">
							<lines>
								<line number="31" hits="0" branch="false"/>
							</lines>
						</method>
						<method name="afterPropertiesSet" signature="()V" line-rate="0.0" branch-rate="1.0">
							<lines>
								<line number="37" hits="0" branch="false"/>
								<line number="38" hits="0" branch="false"/>
								<line number="39" hits="0" branch="false"/>
								<line number="40" hits="0" branch="false"/>
								<line number="41" hits="0" branch="false"/>
							</lines>
						</method>
						<method name="getObject" signature="()Ljava/lang/Object;" line-rate="0.0" branch-rate="0.0">
							<lines>
								<line number="53" hits="0" branch="true"/>
								<line number="54" hits="0" branch="false"/>
								<line number="56" hits="0" branch="false"/>
							</lines>
						</method>
						<method name="getObjectType" signature="()Ljava/lang/Class;" line-rate="0.0" branch-rate="0.0">
							<lines>
								<line number="45" hits="0" branch="true"/>
								<line number="46" hits="0" branch="false"/>
								<line number="48" hits="0" branch="false"/>
							</lines>
						</method>
					</methods>
					<lines>
						<line number="31" hits="0" branch="false"/>
						<line number="37" hits="0" branch="false"/>
						<line number="38" hits="0" branch="false"/>
						<line number="39" hits="0" branch="false"/>
						<line number="40" hits="0" branch="false"/>
						<line number="41" hits="0" branch="false"/>
						<line number="45" hits="0" branch="true"/>
						<line number="46" hits="0" branch="false"/>
						<line number="48" hits="0" branch="false"/>
						<line number="53" hits="0" branch="true"/>
						<line number="54" hits="0" branch="false"/>
						<line number="56" hits="0" branch="false"/>
					</lines>
				</class>
				<class name="net.sourceforge.vulcan.spring.mbean.VulcanManager" filename="net/sourceforge/vulcan/spring/mbean/VulcanManager.java" line-rate="0.0" branch-rate="1.0" complexity="0.0">
					<methods>
						<method name="&lt;init&gt;" signature="()V" line-rate="0.0" branch-rate="1.0">
							<lines>
								<line number="35" hits="0" branch="false"/>
							</lines>
						</method>
						<method name="createScheduler" signature="(Ljava/lang/String;J)V" line-rate="0.0" branch-rate="1.0">
							<lines>
								<line number="51" hits="0" branch="false"/>
								<line number="52" hits="0" branch="false"/>
								<line number="53" hits="0" branch="false"/>
								<line number="55" hits="0" branch="false"/>
								<line number="56" hits="0" branch="false"/>
							</lines>
						</method>
						<method name="getStateManager" signature="()Lnet/sourceforge/vulcan/StateManager;" line-rate="0.0" branch-rate="1.0">
							<lines>
								<line number="39" hits="0" branch="false"/>
							</lines>
						</method>
						<method name="setStateManager" signature="(Lnet/sourceforge/vulcan/StateManager;)V" line-rate="0.0" branch-rate="1.0">
							<lines>
								<line number="43" hits="0" branch="false"/>
								<line number="44" hits="0" branch="false"/>
							</lines>
						</method>
					</methods>
					<lines>
						<line number="35" hits="0" branch="false"/>
						<line number="39" hits="0" branch="false"/>
						<line number="43" hits="0" branch="false"/>
						<line number="44" hits="0" branch="false"/>
						<line number="51" hits="0" branch="false"/>
						<line number="52" hits="0" branch="false"/>
						<line number="53" hits="0" branch="false"/>
						<line number="55" hits="0" branch="false"/>
						<line number="56" hits="0" branch="false"/>
					</lines>
				</class>
			</classes>
		</package>
	</packages>
</coverage>